  pch.cpp
  Timber.cpp
c:\users\97ran\desktop\timber-man\timber\timber.cpp(242): warning C4305: 'argument': truncation from 'double' to 'T'
          with
          [
              T=float
          ]
c:\users\97ran\desktop\timber-man\timber\timber.cpp(243): warning C4305: 'argument': truncation from 'double' to 'T'
          with
          [
              T=float
          ]
c:\users\97ran\desktop\timber-man\timber\timber.cpp(244): warning C4305: 'argument': truncation from 'double' to 'T'
          with
          [
              T=float
          ]
c:\users\97ran\desktop\timber-man\timber\timber.cpp(245): warning C4305: 'argument': truncation from 'double' to 'T'
          with
          [
              T=float
          ]
c:\users\97ran\desktop\timber-man\timber\timber.cpp(246): warning C4305: 'argument': truncation from 'double' to 'T'
          with
          [
              T=float
          ]
c:\users\97ran\desktop\timber-man\timber\timber.cpp(310): warning C4244: '+=': conversion from 'double' to 'float', possible loss of data
c:\users\97ran\desktop\timber-man\timber\timber.cpp(337): warning C4244: '+=': conversion from 'double' to 'float', possible loss of data
c:\users\97ran\desktop\timber-man\timber\timber.cpp(399): warning C4244: '=': conversion from 'int' to 'float', possible loss of data
c:\users\97ran\desktop\timber-man\timber\timber.cpp(403): warning C4244: 'initializing': conversion from 'int' to 'float', possible loss of data
c:\users\97ran\desktop\timber-man\timber\timber.cpp(423): warning C4244: '=': conversion from 'int' to 'float', possible loss of data
c:\users\97ran\desktop\timber-man\timber\timber.cpp(427): warning C4244: 'initializing': conversion from 'int' to 'float', possible loss of data
c:\users\97ran\desktop\timber-man\timber\timber.cpp(447): warning C4244: '=': conversion from 'int' to 'float', possible loss of data
c:\users\97ran\desktop\timber-man\timber\timber.cpp(450): warning C4244: 'initializing': conversion from 'int' to 'float', possible loss of data
c:\users\97ran\desktop\timber-man\timber\timber.cpp(467): warning C4244: '=': conversion from 'int' to 'float', possible loss of data
c:\users\97ran\desktop\timber-man\timber\timber.cpp(471): warning C4244: 'initializing': conversion from 'int' to 'float', possible loss of data
c:\users\97ran\desktop\timber-man\timber\timber.cpp(492): warning C4244: 'initializing': conversion from 'int' to 'float', possible loss of data
c:\users\97ran\desktop\timber-man\timber\timber.cpp(98): warning C4101: 'gameTimeTotal': unreferenced local variable
  Timber.vcxproj -> C:\Users\97ran\Desktop\Timber-Man\Debug\Timber.exe
